<?xml version="1.0" encoding="UTF-8"?>
<testng-results skipped="0" failed="0" total="1" passed="1">
  <reporter-output>
  </reporter-output>
  <suite name="Default suite" duration-ms="24329" started-at="2020-01-15T23:32:43Z" finished-at="2020-01-15T23:33:07Z">
    <groups>
      <group name="cucumber">
        <method signature="AbstractTestNGCucumberTests.feature(cucumber.api.testng.CucumberFeatureWrapper)[pri:0, instance:php.runner.PhpRunner@29774679]" name="feature" class="cucumber.api.testng.AbstractTestNGCucumberTests"/>
      </group> <!-- cucumber -->
    </groups>
    <test name="Default test" duration-ms="24329" started-at="2020-01-15T23:32:43Z" finished-at="2020-01-15T23:33:07Z">
      <class name="php.runner.PhpRunner">
        <test-method status="PASS" signature="setUpClass()[pri:0, instance:php.runner.PhpRunner@29774679]" name="setUpClass" is-config="true" duration-ms="717" started-at="2020-01-15T18:32:43Z" finished-at="2020-01-15T18:32:44Z">
          <reporter-output>
          </reporter-output>
        </test-method> <!-- setUpClass -->
        <test-method status="PASS" signature="feature(cucumber.api.testng.CucumberFeatureWrapper)[pri:0, instance:php.runner.PhpRunner@29774679]" name="feature" duration-ms="22083" started-at="2020-01-15T18:32:44Z" description="Runs Cucumber Feature" data-provider="features" finished-at="2020-01-15T18:33:06Z">
          <params>
            <param index="0">
              <value>
                <![CDATA[Php Login Feature]]>
              </value>
            </param>
          </params>
          <reporter-output>
          </reporter-output>
        </test-method> <!-- feature -->
        <test-method status="PASS" signature="tearDownClass()[pri:0, instance:php.runner.PhpRunner@29774679]" name="tearDownClass" is-config="true" duration-ms="1248" started-at="2020-01-15T18:33:06Z" finished-at="2020-01-15T18:33:07Z">
          <reporter-output>
          </reporter-output>
        </test-method> <!-- tearDownClass -->
      </class> <!-- php.runner.PhpRunner -->
    </test> <!-- Default test -->
  </suite> <!-- Default suite -->
</testng-results>
